c:\users\student\desktop\3dgame-2021\3dgame-2021\3dgame_2021\3dgame_2021\debug\vc140.pdb
c:\users\student\desktop\3dgame-2021\3dgame-2021\3dgame_2021\3dgame_2021\debug\vc140.idb
c:\users\student\desktop\3dgame-2021\3dgame-2021\3dgame_2021\3dgame_2021\debug\quest_logo.obj
c:\users\student\desktop\3dgame-2021\3dgame-2021\3dgame_2021\3dgame_2021\debug\renderer.obj
c:\users\student\desktop\3dgame-2021\3dgame-2021\3dgame_2021\3dgame_2021\debug\result.obj
c:\users\student\desktop\3dgame-2021\3dgame-2021\3dgame_2021\3dgame_2021\debug\scene.obj
c:\users\student\desktop\3dgame-2021\3dgame-2021\3dgame_2021\3dgame_2021\debug\scene2d.obj
c:\users\student\desktop\3dgame-2021\3dgame-2021\3dgame_2021\3dgame_2021\debug\scene3d.obj
c:\users\student\desktop\3dgame-2021\3dgame-2021\3dgame_2021\3dgame_2021\debug\slashing_effect.obj
c:\users\student\desktop\3dgame-2021\3dgame-2021\3dgame_2021\3dgame_2021\debug\sound.obj
c:\users\student\desktop\3dgame-2021\3dgame-2021\3dgame_2021\3dgame_2021\debug\sp_bar.obj
c:\users\student\desktop\3dgame-2021\3dgame-2021\3dgame_2021\3dgame_2021\debug\stone.obj
c:\users\student\desktop\3dgame-2021\3dgame-2021\3dgame_2021\3dgame_2021\debug\stone_effect.obj
c:\users\student\desktop\3dgame-2021\3dgame-2021\3dgame_2021\3dgame_2021\debug\texture.obj
c:\users\student\desktop\3dgame-2021\3dgame-2021\3dgame_2021\3dgame_2021\debug\title.obj
c:\users\student\desktop\3dgame-2021\3dgame-2021\3dgame_2021\3dgame_2021\debug\titlelogo.obj
c:\users\student\desktop\3dgame-2021\3dgame-2021\3dgame_2021\3dgame_2021\debug\title_bg.obj
c:\users\student\desktop\3dgame-2021\3dgame-2021\3dgame_2021\3dgame_2021\debug\tutorial.obj
c:\users\student\desktop\3dgame-2021\3dgame-2021\3dgame_2021\3dgame_2021\debug\ui.obj
c:\users\student\desktop\3dgame-2021\3dgame-2021\3dgame_2021\3dgame_2021\debug\ui_operation.obj
c:\users\student\desktop\3dgame-2021\3dgame-2021\3dgame_2021\3dgame_2021\debug\ui_skill.obj
c:\users\student\desktop\3dgame-2021\3dgame-2021\3dgame_2021\3dgame_2021\debug\xfile.obj
c:\users\student\desktop\3dgame-2021\3dgame-2021\3dgame_2021\3dgame_2021\debug\keyboard.obj
c:\users\student\desktop\3dgame-2021\3dgame-2021\3dgame_2021\3dgame_2021\debug\life_frame.obj
c:\users\student\desktop\3dgame-2021\3dgame-2021\3dgame_2021\3dgame_2021\debug\light.obj
c:\users\student\desktop\3dgame-2021\3dgame-2021\3dgame_2021\3dgame_2021\debug\light_effect.obj
c:\users\student\desktop\3dgame-2021\3dgame-2021\3dgame_2021\3dgame_2021\debug\locus.obj
c:\users\student\desktop\3dgame-2021\3dgame-2021\3dgame_2021\3dgame_2021\debug\main.obj
c:\users\student\desktop\3dgame-2021\3dgame-2021\3dgame_2021\3dgame_2021\debug\manager.obj
c:\users\student\desktop\3dgame-2021\3dgame-2021\3dgame_2021\3dgame_2021\debug\meshfield.obj
c:\users\student\desktop\3dgame-2021\3dgame-2021\3dgame_2021\3dgame_2021\debug\mesh_3d.obj
c:\users\student\desktop\3dgame-2021\3dgame-2021\3dgame_2021\3dgame_2021\debug\mesh_tube.obj
c:\users\student\desktop\3dgame-2021\3dgame-2021\3dgame_2021\3dgame_2021\debug\mesh_pillar.obj
c:\users\student\desktop\3dgame-2021\3dgame-2021\3dgame_2021\3dgame_2021\debug\model.obj
c:\users\student\desktop\3dgame-2021\3dgame-2021\3dgame_2021\3dgame_2021\debug\modelanime.obj
c:\users\student\desktop\3dgame-2021\3dgame-2021\3dgame_2021\3dgame_2021\debug\number_3d.obj
c:\users\student\desktop\3dgame-2021\3dgame-2021\3dgame_2021\3dgame_2021\debug\scene_base.obj
c:\users\student\desktop\3dgame-2021\3dgame-2021\3dgame_2021\3dgame_2021\debug\number_effect.obj
c:\users\student\desktop\3dgame-2021\3dgame-2021\3dgame_2021\3dgame_2021\debug\particle.obj
c:\users\student\desktop\3dgame-2021\3dgame-2021\3dgame_2021\3dgame_2021\debug\effect_factory.obj
c:\users\student\desktop\3dgame-2021\3dgame-2021\3dgame_2021\3dgame_2021\debug\player.obj
c:\users\student\desktop\3dgame-2021\3dgame-2021\3dgame_2021\3dgame_2021\debug\polygon.obj
c:\users\student\desktop\3dgame-2021\3dgame-2021\3dgame_2021\3dgame_2021\debug\collision.obj
c:\users\student\desktop\3dgame-2021\3dgame-2021\3dgame_2021\3dgame_2021\debug\crab.obj
c:\users\student\desktop\3dgame-2021\3dgame-2021\3dgame_2021\3dgame_2021\debug\effect_3d.obj
c:\users\student\desktop\3dgame-2021\3dgame-2021\3dgame_2021\3dgame_2021\debug\enemy.obj
c:\users\student\desktop\3dgame-2021\3dgame-2021\3dgame_2021\3dgame_2021\debug\explosion.obj
c:\users\student\desktop\3dgame-2021\3dgame-2021\3dgame_2021\3dgame_2021\debug\fade.obj
c:\users\student\desktop\3dgame-2021\3dgame-2021\3dgame_2021\3dgame_2021\debug\fire.obj
c:\users\student\desktop\3dgame-2021\3dgame-2021\3dgame_2021\3dgame_2021\debug\gage.obj
c:\users\student\desktop\3dgame-2021\3dgame-2021\3dgame_2021\3dgame_2021\debug\game.obj
c:\users\student\desktop\3dgame-2021\3dgame-2021\3dgame_2021\3dgame_2021\debug\guard_effect.obj
c:\users\student\desktop\3dgame-2021\3dgame-2021\3dgame_2021\3dgame_2021\debug\impact.obj
c:\users\student\desktop\3dgame-2021\3dgame-2021\3dgame_2021\3dgame_2021\debug\kobold.obj
c:\users\student\desktop\3dgame-2021\3dgame-2021\3dgame_2021\3dgame_2021\debug\life_bar.obj
c:\users\student\desktop\3dgame-2021\3dgame-2021\3dgame_2021\3dgame_2021\debug\imgui.obj
c:\users\student\desktop\3dgame-2021\3dgame-2021\3dgame_2021\3dgame_2021\debug\imgui_draw.obj
c:\users\student\desktop\3dgame-2021\3dgame-2021\3dgame_2021\3dgame_2021\debug\imgui_impl_dx9.obj
c:\users\student\desktop\3dgame-2021\3dgame-2021\3dgame_2021\3dgame_2021\debug\imgui_impl_win32.obj
c:\users\student\desktop\3dgame-2021\3dgame-2021\3dgame_2021\3dgame_2021\debug\imgui_widgets.obj
c:\users\student\desktop\3dgame-2021\3dgame-2021\3dgame_2021\3dgame_2021\debug\input.obj
c:\users\student\desktop\3dgame-2021\3dgame-2021\3dgame_2021\3dgame_2021\debug\joypad.obj
c:\users\student\desktop\3dgame-2021\3dgame-2021\3dgame_2021\3dgame_2021\debug\bg.obj
c:\users\student\desktop\3dgame-2021\3dgame-2021\3dgame_2021\3dgame_2021\debug\billboard.obj
c:\users\student\desktop\3dgame-2021\3dgame-2021\3dgame_2021\3dgame_2021\debug\camera.obj
c:\users\student\desktop\3dgame-2021\3dgame-2021\3dgame_2021\3dgame_2021\debug\character.obj
c:\users\student\desktop\3dgame-2021\3dgame-2021\3dgame_2021\3dgame_2021\debug\roar_fire.obj
c:\users\student\desktop\3dgame-2021\3dgame-2021\3dgame_2021\3dgame_2021\debug\combo.obj
c:\users\student\desktop\3dgame-2021\3dgame-2021\3dgame_2021\3dgame_2021\debug\number_2d.obj
c:\users\student\desktop\3dgame-2021\3dgame-2021\3dgame_2021\3dgame_2021\debug\resource_manager.obj
c:\users\student\desktop\kobold-hunter\3dgame-2021\3dgame_2021\3dgame_2021\debug\vc140.pdb
c:\users\student\desktop\kobold-hunter\3dgame-2021\3dgame_2021\3dgame_2021\debug\vc140.idb
c:\users\student\desktop\kobold-hunter\3dgame-2021\3dgame_2021\3dgame_2021\debug\polygon.obj
c:\users\student\desktop\kobold-hunter\3dgame-2021\3dgame_2021\3dgame_2021\debug\quest_logo.obj
c:\users\student\desktop\kobold-hunter\3dgame-2021\3dgame_2021\3dgame_2021\debug\renderer.obj
c:\users\student\desktop\kobold-hunter\3dgame-2021\3dgame_2021\3dgame_2021\debug\result.obj
c:\users\student\desktop\kobold-hunter\3dgame-2021\3dgame_2021\3dgame_2021\debug\scene.obj
c:\users\student\desktop\kobold-hunter\3dgame-2021\3dgame_2021\3dgame_2021\debug\scene2d.obj
c:\users\student\desktop\kobold-hunter\3dgame-2021\3dgame_2021\3dgame_2021\debug\scene3d.obj
c:\users\student\desktop\kobold-hunter\3dgame-2021\3dgame_2021\3dgame_2021\debug\slashing_effect.obj
c:\users\student\desktop\kobold-hunter\3dgame-2021\3dgame_2021\3dgame_2021\debug\sound.obj
c:\users\student\desktop\kobold-hunter\3dgame-2021\3dgame_2021\3dgame_2021\debug\stone.obj
c:\users\student\desktop\kobold-hunter\3dgame-2021\3dgame_2021\3dgame_2021\debug\stone_effect.obj
c:\users\student\desktop\kobold-hunter\3dgame-2021\3dgame_2021\3dgame_2021\debug\texture.obj
c:\users\student\desktop\kobold-hunter\3dgame-2021\3dgame_2021\3dgame_2021\debug\title.obj
c:\users\student\desktop\kobold-hunter\3dgame-2021\3dgame_2021\3dgame_2021\debug\title_bg.obj
c:\users\student\desktop\kobold-hunter\3dgame-2021\3dgame_2021\3dgame_2021\debug\tutorial.obj
c:\users\student\desktop\kobold-hunter\3dgame-2021\3dgame_2021\3dgame_2021\debug\ui.obj
c:\users\student\desktop\kobold-hunter\3dgame-2021\3dgame_2021\3dgame_2021\debug\ui_operation.obj
c:\users\student\desktop\kobold-hunter\3dgame-2021\3dgame_2021\3dgame_2021\debug\ui_skill.obj
c:\users\student\desktop\kobold-hunter\3dgame-2021\3dgame_2021\3dgame_2021\debug\xfile.obj
c:\users\student\desktop\kobold-hunter\3dgame-2021\3dgame_2021\3dgame_2021\debug\light.obj
c:\users\student\desktop\kobold-hunter\3dgame-2021\3dgame_2021\3dgame_2021\debug\light_effect.obj
c:\users\student\desktop\kobold-hunter\3dgame-2021\3dgame_2021\3dgame_2021\debug\locus.obj
c:\users\student\desktop\kobold-hunter\3dgame-2021\3dgame_2021\3dgame_2021\debug\main.obj
c:\users\student\desktop\kobold-hunter\3dgame-2021\3dgame_2021\3dgame_2021\debug\meshfield.obj
c:\users\student\desktop\kobold-hunter\3dgame-2021\3dgame_2021\3dgame_2021\debug\mesh_3d.obj
c:\users\student\desktop\kobold-hunter\3dgame-2021\3dgame_2021\3dgame_2021\debug\mesh_tube.obj
c:\users\student\desktop\kobold-hunter\3dgame-2021\3dgame_2021\3dgame_2021\debug\mesh_pillar.obj
c:\users\student\desktop\kobold-hunter\3dgame-2021\3dgame_2021\3dgame_2021\debug\modelanime.obj
c:\users\student\desktop\kobold-hunter\3dgame-2021\3dgame_2021\3dgame_2021\debug\motion.obj
c:\users\student\desktop\kobold-hunter\3dgame-2021\3dgame_2021\3dgame_2021\debug\number_2d.obj
c:\users\student\desktop\kobold-hunter\3dgame-2021\3dgame_2021\3dgame_2021\debug\number_3d.obj
c:\users\student\desktop\kobold-hunter\3dgame-2021\3dgame_2021\3dgame_2021\debug\resource_manager.obj
c:\users\student\desktop\kobold-hunter\3dgame-2021\3dgame_2021\3dgame_2021\debug\scene_base.obj
c:\users\student\desktop\kobold-hunter\3dgame-2021\3dgame_2021\3dgame_2021\debug\particle.obj
c:\users\student\desktop\kobold-hunter\3dgame-2021\3dgame_2021\3dgame_2021\debug\effect_factory.obj
c:\users\student\desktop\kobold-hunter\3dgame-2021\3dgame_2021\3dgame_2021\debug\effect_3d.obj
c:\users\student\desktop\kobold-hunter\3dgame-2021\3dgame_2021\3dgame_2021\debug\fade.obj
c:\users\student\desktop\kobold-hunter\3dgame-2021\3dgame_2021\3dgame_2021\debug\gage.obj
c:\users\student\desktop\kobold-hunter\3dgame-2021\3dgame_2021\3dgame_2021\debug\guard_effect.obj
c:\users\student\desktop\kobold-hunter\3dgame-2021\3dgame_2021\3dgame_2021\debug\imgui.obj
c:\users\student\desktop\kobold-hunter\3dgame-2021\3dgame_2021\3dgame_2021\debug\imgui_draw.obj
c:\users\student\desktop\kobold-hunter\3dgame-2021\3dgame_2021\3dgame_2021\debug\imgui_impl_dx9.obj
c:\users\student\desktop\kobold-hunter\3dgame-2021\3dgame_2021\3dgame_2021\debug\imgui_impl_win32.obj
c:\users\student\desktop\kobold-hunter\3dgame-2021\3dgame_2021\3dgame_2021\debug\imgui_widgets.obj
c:\users\student\desktop\kobold-hunter\3dgame-2021\3dgame_2021\3dgame_2021\debug\input.obj
c:\users\student\desktop\kobold-hunter\3dgame-2021\3dgame_2021\3dgame_2021\debug\joypad.obj
c:\users\student\desktop\kobold-hunter\3dgame-2021\3dgame_2021\3dgame_2021\debug\keyboard.obj
c:\users\student\desktop\kobold-hunter\3dgame-2021\3dgame_2021\3dgame_2021\debug\life_frame.obj
c:\users\student\desktop\kobold-hunter\3dgame-2021\3dgame_2021\3dgame_2021\debug\bg.obj
c:\users\student\desktop\kobold-hunter\3dgame-2021\3dgame_2021\3dgame_2021\debug\billboard.obj
c:\users\student\desktop\kobold-hunter\3dgame-2021\3dgame_2021\3dgame_2021\debug\collision.obj
c:\users\student\desktop\kobold-hunter\3dgame-2021\3dgame_2021\3dgame_2021\debug\combo.obj
c:\users\student\desktop\kobold-hunter\3dgame-2021\3dgame_2021\3dgame_2021\debug\character.obj
c:\users\student\desktop\kobold-hunter\3dgame-2021\3dgame_2021\3dgame_2021\debug\manager.obj
c:\users\student\desktop\kobold-hunter\3dgame-2021\3dgame_2021\3dgame_2021\debug\camera.obj
c:\users\student\desktop\kobold-hunter\3dgame-2021\3dgame_2021\3dgame_2021\debug\enemy.obj
c:\users\student\desktop\kobold-hunter\3dgame-2021\3dgame_2021\3dgame_2021\debug\fire.obj
c:\users\student\desktop\kobold-hunter\3dgame-2021\3dgame_2021\3dgame_2021\debug\game.obj
c:\users\student\desktop\kobold-hunter\3dgame-2021\3dgame_2021\3dgame_2021\debug\impact.obj
c:\users\student\desktop\kobold-hunter\3dgame-2021\3dgame_2021\3dgame_2021\debug\kobold.obj
c:\users\student\desktop\kobold-hunter\3dgame-2021\3dgame_2021\3dgame_2021\debug\life_bar.obj
c:\users\student\desktop\kobold-hunter\3dgame-2021\3dgame_2021\3dgame_2021\debug\model.obj
c:\users\student\desktop\kobold-hunter\3dgame-2021\3dgame_2021\3dgame_2021\debug\player.obj
c:\users\student\desktop\kobold-hunter\3dgame-2021\3dgame_2021\3dgame_2021\debug\roar_fire.obj
c:\users\student\desktop\kobold-hunter\3dgame-2021\3dgame_2021\3dgame_2021\debug\sp_bar.obj
c:\users\student\desktop\kobold-hunter\3dgame-2021\3dgame_2021\3dgame_2021\debug\crab.obj
c:\users\student\desktop\3dgame-2021\3dgame-2021\3dgame_2021\debug\3dgame_2021.ilk
c:\users\student\desktop\3dgame-2021\3dgame-2021\3dgame_2021\debug\3dgame_2021.exe
c:\users\student\desktop\3dgame-2021\3dgame-2021\3dgame_2021\debug\3dgame_2021.pdb
c:\users\student\desktop\kobold-hunter\3dgame-2021\3dgame_2021\debug\3dgame_2021.ilk
c:\users\student\desktop\kobold-hunter\3dgame-2021\3dgame_2021\debug\3dgame_2021.exe
c:\users\student\desktop\kobold-hunter\3dgame-2021\3dgame_2021\debug\3dgame_2021.pdb
c:\users\student\desktop\kobold-hunter\3dgame-2021\3dgame_2021\3dgame_2021\debug\explosion.obj
c:\users\student\desktop\kobold-hunter\3dgame-2021\3dgame_2021\3dgame_2021\debug\number_effect.obj
c:\users\student\desktop\kobold-hunter\3dgame-2021\3dgame_2021\3dgame_2021\debug\titlelogo.obj
c:\users\student\desktop\kobold-hunter\3dgame-2021\3dgame_2021\3dgame_2021\debug\character.obj.enc
c:\users\student\desktop\kobold-hunter\3dgame-2021\3dgame_2021\3dgame_2021\debug\modelanime.obj.enc
c:\users\student\desktop\kobold-hunter\3dgame-2021\3dgame_2021\3dgame_2021\debug\3dgame_2021.tlog\cl.command.1.tlog
c:\users\student\desktop\kobold-hunter\3dgame-2021\3dgame_2021\3dgame_2021\debug\3dgame_2021.tlog\cl.read.1.tlog
c:\users\student\desktop\kobold-hunter\3dgame-2021\3dgame_2021\3dgame_2021\debug\3dgame_2021.tlog\cl.write.1.tlog
c:\users\student\desktop\kobold-hunter\3dgame-2021\3dgame_2021\3dgame_2021\debug\3dgame_2021.tlog\link.command.1.tlog
c:\users\student\desktop\kobold-hunter\3dgame-2021\3dgame_2021\3dgame_2021\debug\3dgame_2021.tlog\link.read.1.tlog
c:\users\student\desktop\kobold-hunter\3dgame-2021\3dgame_2021\3dgame_2021\debug\3dgame_2021.tlog\link.write.1.tlog
